#
# There is insufficient memory for the Java Runtime Environment to continue.
# Native memory allocation (malloc) failed to allocate 1048576 bytes for AllocateHeap
# Possible reasons:
#   The system is out of physical RAM or swap space
#   The process is running with CompressedOops enabled, and the Java Heap may be blocking the growth of the native heap
# Possible solutions:
#   Reduce memory load on the system
#   Increase physical memory or swap space
#   Check if swap backing store is full
#   Decrease Java heap size (-Xmx/-Xms)
#   Decrease number of Java threads
#   Decrease Java thread stack sizes (-Xss)
#   Set larger code cache with -XX:ReservedCodeCacheSize=
#   JVM is running with Unscaled Compressed Oops mode in which the Java heap is
#     placed in the first 4GB address space. The Java Heap base address is the
#     maximum limit for the native heap growth. Please use -XX:HeapBaseMinAddress
#     to set the Java Heap base and to place the Java Heap above 4GB virtual address.
# This output file may be truncated or incomplete.
#
#  Out of Memory Error (allocation.cpp:44), pid=33980, tid=87340
#
# JRE version:  (17.0.3+7) (build )
# Java VM: OpenJDK 64-Bit Server VM (17.0.3+7-b469.32, mixed mode, sharing, tiered, compressed oops, compressed class ptrs, g1 gc, windows-amd64)
# No core dump will be written. Minidumps are not enabled by default on client versions of Windows
#

---------------  S U M M A R Y ------------

Command Line: git4idea.http.GitAskPassApp Username for 'https://github.com': 

Host: AMD Ryzen 5 5500U with Radeon Graphics         , 12 cores, 5G,  Windows 11 , 64 bit Build 22621 (10.0.22621.1344)
Time: Thu Mar 30 21:52:59 2023 Hora oficial do Brasil elapsed time: 0.034862 seconds (0d 0h 0m 0s)

---------------  T H R E A D  ---------------

Current thread (0x000001d327ea2a50):  JavaThread "Unknown thread" [_thread_in_vm, id=87340, stack(0x0000009237b00000,0x0000009237c00000)]

Stack: [0x0000009237b00000,0x0000009237c00000]
Native frames: (J=compiled Java code, j=interpreted, Vv=VM code, C=native code)
V  [jvm.dll+0x681f8a]
V  [jvm.dll+0x83e374]
V  [jvm.dll+0x83fb1e]
V  [jvm.dll+0x840183]
V  [jvm.dll+0x2492a5]
V  [jvm.dll+0xa64cf]
V  [jvm.dll+0x2dad64]
V  [jvm.dll+0x80fc2c]
V  [jvm.dll+0x36df61]
V  [jvm.dll+0x7ef17c]
V  [jvm.dll+0x3f10ef]
V  [jvm.dll+0x3f2c31]
C  [jli.dll+0x526b]
C  [ucrtbase.dll+0x29363]
C  [KERNEL32.DLL+0x126bd]
C  [ntdll.dll+0x5a9f8]


---------------  P R O C E S S  ---------------

Threads class SMR info:
_java_thread_list=0x00007ffbfd8e6f18, length=0, elements={
}

Java Threads: ( => current thread )

Other Threads:

=>0x000001d327ea2a50 (exited) JavaThread "Unknown thread" [_thread_in_vm, id=87340, stack(0x0000009237b00000,0x0000009237c00000)]

Threads with active compile tasks:

VM state: not at safepoint (not fully initialized)

VM Mutex/Monitor currently owned by a thread: None

Heap address: 0x0000000000000000, size: 0 MB, Compressed Oops mode: 32-bit

CDS archive(s) mapped at: [0x0000000000000000-0x0000000000000000-0x0000000000000000), size 0, SharedBaseAddress: 0x0000000800000000, ArchiveRelocationMode: 0.
Narrow klass base: 0x0000000000000000, Narrow klass shift: 0, Narrow klass range: 0x0

GC Precious Log:
<Empty>

GC Heap History (0 events):
No events

Deoptimization events (0 events):
No events

Classes unloaded (0 events):
No events

Classes redefined (0 events):
No events

Internal exceptions (0 events):
No events

VM Operations (0 events):
No events

Events (1 events):
Event: 0.025 Loaded shared library C:\Program Files\JetBrains\IntelliJ IDEA Community Edition 2022.2\jbr\bin\java.dll


Dynamic libraries:
0x00007ff7c5e40000 - 0x00007ff7c5e4a000 	C:\Program Files\JetBrains\IntelliJ IDEA Community Edition 2022.2\jbr\bin\java.exe
0x00007ffc4f110000 - 0x00007ffc4f324000 	C:\WINDOWS\SYSTEM32\ntdll.dll
0x00007ffc4e1a0000 - 0x00007ffc4e263000 	C:\WINDOWS\System32\KERNEL32.DLL
0x00007ffc4c930000 - 0x00007ffc4cccc000 	C:\WINDOWS\System32\KERNELBASE.dll
0x00007ffc4c790000 - 0x00007ffc4c8a1000 	C:\WINDOWS\System32\ucrtbase.dll
0x00007ffc2b0a0000 - 0x00007ffc2b0bb000 	C:\Program Files\JetBrains\IntelliJ IDEA Community Edition 2022.2\jbr\bin\VCRUNTIME140.dll
0x00007ffc1c650000 - 0x00007ffc1c667000 	C:\Program Files\JetBrains\IntelliJ IDEA Community Edition 2022.2\jbr\bin\jli.dll
0x00007ffc4e650000 - 0x00007ffc4e7fd000 	C:\WINDOWS\System32\USER32.dll
0x00007ffc4c6c0000 - 0x00007ffc4c6e6000 	C:\WINDOWS\System32\win32u.dll
0x00007ffc29580000 - 0x00007ffc2980e000 	C:\WINDOWS\WinSxS\amd64_microsoft.windows.common-controls_6595b64144ccf1df_6.0.22621.608_none_a9444ca7c10bb01d\COMCTL32.dll
0x00007ffc4cfd0000 - 0x00007ffc4cff9000 	C:\WINDOWS\System32\GDI32.dll
0x00007ffc4e270000 - 0x00007ffc4e317000 	C:\WINDOWS\System32\msvcrt.dll
0x00007ffc4cd40000 - 0x00007ffc4ce53000 	C:\WINDOWS\System32\gdi32full.dll
0x00007ffc4c6f0000 - 0x00007ffc4c78a000 	C:\WINDOWS\System32\msvcp_win.dll
0x00007ffc4dda0000 - 0x00007ffc4ddd1000 	C:\WINDOWS\System32\IMM32.DLL
0x00007ffc41330000 - 0x00007ffc4133c000 	C:\Program Files\JetBrains\IntelliJ IDEA Community Edition 2022.2\jbr\bin\vcruntime140_1.dll
0x00007ffc00480000 - 0x00007ffc0050d000 	C:\Program Files\JetBrains\IntelliJ IDEA Community Edition 2022.2\jbr\bin\msvcp140.dll
0x00007ffbfcdb0000 - 0x00007ffbfda18000 	C:\Program Files\JetBrains\IntelliJ IDEA Community Edition 2022.2\jbr\bin\server\jvm.dll
0x00007ffc4e0f0000 - 0x00007ffc4e19e000 	C:\WINDOWS\System32\ADVAPI32.dll
0x00007ffc4cf20000 - 0x00007ffc4cfc4000 	C:\WINDOWS\System32\sechost.dll
0x00007ffc4ebf0000 - 0x00007ffc4ed05000 	C:\WINDOWS\System32\RPCRT4.dll
0x00007ffc4e630000 - 0x00007ffc4e638000 	C:\WINDOWS\System32\PSAPI.DLL
0x00007ffc43220000 - 0x00007ffc4322a000 	C:\WINDOWS\SYSTEM32\VERSION.dll
0x00007ffc45c80000 - 0x00007ffc45cb4000 	C:\WINDOWS\SYSTEM32\WINMM.dll
0x00007ffc29f20000 - 0x00007ffc29f29000 	C:\WINDOWS\SYSTEM32\WSOCK32.dll
0x00007ffc4dde0000 - 0x00007ffc4de51000 	C:\WINDOWS\System32\WS2_32.dll
0x00007ffc4b5a0000 - 0x00007ffc4b5b8000 	C:\WINDOWS\SYSTEM32\kernel.appcore.dll
0x00007ffc47ac0000 - 0x00007ffc47aca000 	C:\Program Files\JetBrains\IntelliJ IDEA Community Edition 2022.2\jbr\bin\jimage.dll
0x00007ffc4a010000 - 0x00007ffc4a23e000 	C:\WINDOWS\SYSTEM32\DBGHELP.DLL
0x00007ffc4e860000 - 0x00007ffc4ebe9000 	C:\WINDOWS\System32\combase.dll
0x00007ffc4e320000 - 0x00007ffc4e3f7000 	C:\WINDOWS\System32\OLEAUT32.dll
0x00007ffc392e0000 - 0x00007ffc39312000 	C:\WINDOWS\SYSTEM32\dbgcore.DLL
0x00007ffc4c8b0000 - 0x00007ffc4c92b000 	C:\WINDOWS\System32\bcryptPrimitives.dll
0x00007ffc479b0000 - 0x00007ffc479d5000 	C:\Program Files\JetBrains\IntelliJ IDEA Community Edition 2022.2\jbr\bin\java.dll

dbghelp: loaded successfully - version: 4.0.5 - missing functions: none
symbol engine: initialized successfully - sym options: 0x614 - pdb path: .;C:\Program Files\JetBrains\IntelliJ IDEA Community Edition 2022.2\jbr\bin;C:\WINDOWS\SYSTEM32;C:\WINDOWS\WinSxS\amd64_microsoft.windows.common-controls_6595b64144ccf1df_6.0.22621.608_none_a9444ca7c10bb01d;C:\Program Files\JetBrains\IntelliJ IDEA Community Edition 2022.2\jbr\bin\server

VM Arguments:
java_command: git4idea.http.GitAskPassApp Username for 'https://github.com': 
java_class_path (initial): C:/Program Files/JetBrains/IntelliJ IDEA Community Edition 2022.2/plugins/git4idea/lib/git4idea-rt.jar;C:/Program Files/JetBrains/IntelliJ IDEA Community Edition 2022.2/lib/externalProcess-rt.jar;C:/Program Files/JetBrains/IntelliJ IDEA Community Edition 2022.2/lib/app.jar;C:/Program Files/JetBrains/IntelliJ IDEA Community Edition 2022.2/lib/3rd-party-rt.jar
Launcher Type: SUN_STANDARD

[Global flags]
     intx CICompilerCount                          = 4                                         {product} {ergonomic}
     uint ConcGCThreads                            = 3                                         {product} {ergonomic}
     uint G1ConcRefinementThreads                  = 10                                        {product} {ergonomic}
   size_t G1HeapRegionSize                         = 1048576                                   {product} {ergonomic}
    uintx GCDrainStackTargetSize                   = 64                                        {product} {ergonomic}
   size_t InitialHeapSize                          = 98566144                                  {product} {ergonomic}
   size_t MarkStackSize                            = 4194304                                   {product} {ergonomic}
   size_t MaxHeapSize                              = 1574961152                                {product} {ergonomic}
   size_t MinHeapDeltaBytes                        = 1048576                                   {product} {ergonomic}
   size_t MinHeapSize                              = 8388608                                   {product} {ergonomic}
    uintx NonNMethodCodeHeapSize                   = 5839372                                {pd product} {ergonomic}
    uintx NonProfiledCodeHeapSize                  = 122909434                              {pd product} {ergonomic}
    uintx ProfiledCodeHeapSize                     = 122909434                              {pd product} {ergonomic}
    uintx ReservedCodeCacheSize                    = 251658240                              {pd product} {ergonomic}
     bool SegmentedCodeCache                       = true                                      {product} {ergonomic}
   size_t SoftMaxHeapSize                          = 1574961152                             {manageable} {ergonomic}
     bool UseCompressedClassPointers               = true                           {product lp64_product} {ergonomic}
     bool UseCompressedOops                        = true                           {product lp64_product} {ergonomic}
     bool UseG1GC                                  = true                                      {product} {ergonomic}
     bool UseLargePagesIndividualAllocation        = false                                  {pd product} {ergonomic}

Logging:
Log output configuration:
 #0: stdout all=warning uptime,level,tags
 #1: stderr all=off uptime,level,tags

Environment Variables:
PATH=C:/Program Files/Git/mingw64/libexec/git-core;C:/Program Files/Git/mingw64/libexec/git-core;C:\Program Files\Git\mingw64\bin;C:\Program Files\Git\usr\bin;C:\Users\alice\bin;C:\Program Files\Eclipse Adoptium\jdk-17.0.4.101-hotspot\bin;C:\Program Files\Microsoft MPI\Bin\;C:\Program Files (x86)\Common Files\Oracle\Java\javapath;C:\WINDOWS\system32;C:\WINDOWS;C:\WINDOWS\System32\Wbem;C:\WINDOWS\System32\WindowsPowerShell\v1.0\;C:\WINDOWS\System32\OpenSSH\;C:\Program Files\dotnet\;C:\Program Files\Azure Data Studio\bin;C:\Program Files\Microsoft SQL Server\Client SDK\ODBC\170\Tools\Binn\;C:\Program Files (x86)\Microsoft SQL Server\150\Tools\Binn\;C:\Program Files\Microsoft SQL Server\150\Tools\Binn\;C:\Program Files\Microsoft SQL Server\150\DTS\Binn\;C:\Program Files (x86)\Microsoft SQL Server\150\DTS\Binn\;C:\Program Files\Git\cmd;C:\Program Files\Java\jdk-19;C:\Users\alice\AppData\Local\Programs\Python\Python311\Scripts\;C:\Users\alice\AppData\Local\Programs\Python\Python311\;C:\Users\alice\AppData\Local\Microsoft\WindowsApps;C:\Users\alice\.dotnet\tools;C:\Users\alice\AppData\Local\Programs\Microsoft VS Code\bin;C:\Program Files\Azure Data Studio\bin;C:\Program Files\JetBrains\PyCharm Community Edition 2022.2\bin;C:\ProgramData\alice\GitHubDesktop\bin;C:\Users\alice\AppData\Local\GitHubDesktop\bin;C:\Program Files\heroku\bin
USERNAME=alice
DISPLAY=:0.0
LC_ALL=en_US.UTF-8
OS=Windows_NT
PROCESSOR_IDENTIFIER=AMD64 Family 23 Model 104 Stepping 1, AuthenticAMD



---------------  S Y S T E M  ---------------

OS:
 Windows 11 , 64 bit Build 22621 (10.0.22621.1344)
OS uptime: 14 days 6:55 hours

CPU: total 12 (initial active 12) (12 cores per cpu, 2 threads per core) family 23 model 104 stepping 1 microcode 0x0, cx8, cmov, fxsr, ht, mmx, 3dnowpref, sse, sse2, sse3, ssse3, sse4a, sse4.1, sse4.2, popcnt, lzcnt, tsc, tscinvbit, avx, avx2, aes, clmul, bmi1, bmi2, adx, sha, fma, vzeroupper, clflush, clflushopt

Memory: 4k page, system-wide physical 6005M (439M free)
TotalPageFile size 24437M (AvailPageFile size 6M)
current process WorkingSet (physical memory assigned to process): 10M, peak: 10M
current process commit charge ("private bytes"): 12M, peak: 13M

vm_info: OpenJDK 64-Bit Server VM (17.0.3+7-b469.32) for windows-amd64 JRE (17.0.3+7-b469.32), built on 2022-07-19 by "builduser" with MS VC++ 16.10 / 16.11 (VS2019)

END.
